<?xml version="1.0" encoding="UTF-8"?>
<testsuite name="com.emart.app.main.AppTest" tests="1" skipped="0" failures="0" errors="0" timestamp="2016-02-01T06:19:05" hostname="BLRSKU28163518" time="0.001">
  <properties/>
  <testcase name="testApp" classname="com.emart.app.main.AppTest" time="0.001"/>
  <system-out><![CDATA[]]></system-out>
  <system-err><![CDATA[]]></system-err>
</testsuite>
